<?xml version="1.0" encoding="UTF-8"?>
<!-- Generated by org.testng.reporters.JUnitReportReporter -->
<testsuite hostname="Yoga-LAPTOP-9CL9L3RF" failures="0" tests="1" name="Testcases.Demo" time="0.014" errors="0" timestamp="2024-01-05T12:20:53 IST" skipped="0">
  <testcase classname="Testcases.Demo" name="Testcase1" time="0.014"/>
</testsuite> <!-- Testcases.Demo -->
